Semester3/Android/PW4/PermissionExampleBoomUser1/app/build/intermediates/manifest_merge_blame_file/debug/manifest-merger-blame-debug-report.txt
1<?xml version="1.0" encoding="utf-8"?>
2<manifest xmlns:android="http://schemas.android.com/apk/res/android"
3    package="course.examples.permissionexample.boomUser"
4    android:versionCode="1"
5    android:versionName="1.0" >
6
7    <uses-sdk
7-->src\main\AndroidManifest.xml:7:5-47
8        android:minSdkVersion="25"
8-->src\main\AndroidManifest.xml:7:5-47
9        android:targetSdkVersion="29" />
9-->src\main\AndroidManifest.xml:7:15-44
10
11    <!-- <uses-permission android:name="course.examples.permissionexample.BOOM_PERM" /> -->
12    <application
12-->src\main\AndroidManifest.xml:11:5-24:19
13        android:allowBackup="true"
13-->src\main\AndroidManifest.xml:12:9-35
14        android:appComponentFactory="androidx.core.app.CoreComponentFactory"
14-->[androidx.core:core:1.0.1] AndroidManifest.xml:22:18-86
15        android:debuggable="true"
16        android:icon="@drawable/ic_launcher"
16-->src\main\AndroidManifest.xml:13:9-45
17        android:label="@string/app_name"
17-->src\main\AndroidManifest.xml:14:9-41
18        android:testOnly="true" >
19        <activity
19-->src\main\AndroidManifest.xml:15:9-23:20
20            android:name="course.examples.permissionexample.boomUser.BoomUserActivity"
20-->src\main\AndroidManifest.xml:16:13-45
21            android:label="@string/app_name" >
21-->src\main\AndroidManifest.xml:17:13-45
22            <intent-filter>
22-->src\main\AndroidManifest.xml:18:13-22:29
23                <action android:name="android.intent.action.MAIN" />
23-->src\main\AndroidManifest.xml:19:17-69
23-->src\main\AndroidManifest.xml:19:25-66
24
25                <category android:name="android.intent.category.LAUNCHER" />
25-->src\main\AndroidManifest.xml:21:17-77
25-->src\main\AndroidManifest.xml:21:27-74
26            </intent-filter>
27        </activity>
28    </application>
29
30</manifest>